     1                                  bits 32 
     2                                  
     3                                  global start
     4                                  
     5                                  extern exit 
     6                                  import exit msvcrt.dll  
     7                                  
     8                                  
     9                                  segment data use32 class=data
    10                                  
    11                                  ;(a-c)+(b+b+d)
    12 00000000 08                      a db 8
    13 00000001 03                      c db 3
    14 00000002 02                      b db 2
    15 00000003 05                      d db 5
    16                                  
    17                                  segment code use32 class=code
    18                                  start:
    19                                      
    20                                     
    21 00000000 A0[00000000]                mov al,[a]
    22 00000005 2A05[01000000]              sub al,[c]
    23 0000000B 8A1D[02000000]              mov bl,[b]
    24 00000011 021D[02000000]              add bl,[b]
    25 00000017 021D[03000000]              add bl,[d]
    26 0000001D 00D8                        add al,bl
    27                                      
    28 0000001F 6A00                        push dword 0 
    29 00000021 FF15[00000000]              call [exit] 
