     1                                  bits 32 
     2                                  
     3                                  global start
     4                                  
     5                                  extern exit 
     6                                  import exit msvcrt.dll  
     7                                  
     8                                  
     9                                  segment data use32 class=data
    10                                  
    11                                  ;256*1
    12 00000000 0001                    a dw 256
    13 00000002 0100                    b dw 1
    14                                  
    15                                  segment code use32 class=code
    16                                  start:
    17                                      
    18 00000000 8A25[00000000]              mov ah,[a]
    19 00000006 8A3D[02000000]              mov bh,[b]
    20 0000000C F6E7                        mul bh
    21                                  
    22 0000000E 6A00                        push dword 0 
    23 00000010 FF15[00000000]              call [exit]
