     1                                  bits 32 
     2                                  
     3                                  global start
     4                                  
     5                                  extern exit 
     6                                  import exit msvcrt.dll  
     7                                  
     8                                  
     9                                  segment data use32 class=data
    10                                  
    11                                  ;((a + a) + (b + b) + (c + c)) - d 
    12                                  ;a - byte, b - word, c - double word, d - qword - Unsigned representation
    13                                  
    14 00000000 01                      a db 1
    15 00000001 0200                    b dw 2
    16 00000003 03000000                c dd 3
    17 00000007 0200000000000000        d dq 2
    18 0000000F <res 00000008>          x resq 1
    19                                  segment code use32 class=code
    20                                  start:
    21                                      
    22 00000000 B800000000                  mov eax,0
    23 00000005 A0[00000000]                mov al,[a]
    24 0000000A 0205[00000000]              add al,[a]
    25 00000010 BB00000000                  mov ebx,0
    26 00000015 668B1D[01000000]            mov bx, [b]
    27 0000001C 66031D[01000000]            add bx, [b]
    28 00000023 8B0D[03000000]              mov ecx,[c]
    29 00000029 030D[03000000]              add ecx,[c]
    30 0000002F 01D8                        add eax,ebx
    31 00000031 01C8                        add eax, ecx
    32 00000033 BA00000000                  mov edx,0
    33 00000038 2B05[07000000]              sub eax, dword [d]
    34 0000003E 1B15[0B000000]              sbb edx, dword [d+4]
    35 00000044 A3[0F000000]                mov dword [x],eax
    36 00000049 8915[13000000]              mov dword [x+4],edx
    37                                      
    38                                  
    39 0000004F 6A00                        push dword 0 
    40 00000051 FF15[00000000]              call [exit]
